[2024-12-19 11:00][DEBUG] This is a debug-level log record.
[2024-12-19 11:00][INFO] This is an info-level log record.
[2024-12-19 11:00][WARNING] I have a bad feeling about this...
[2024-12-19 11:36][DEBUG] This is a debug-level log record.
[2024-12-19 11:36][INFO] This is an info-level log record.
[2024-12-19 11:36][WARNING] I have a bad feeling about this...
[2024-12-19 11:36][INFO] Connection to DB established
[2024-12-19 11:36][INFO] Data_frame created
[2024-12-19 11:49][INFO] Connection to DB established
[2024-12-19 11:49][INFO] Connection to DB established
[2024-12-19 11:50][INFO] Connection to DB established
[2024-12-19 11:50][INFO] Connection to DB established
[2024-12-19 11:54][INFO] Logging started.
[2024-12-19 11:54][INFO] Connection to DB established
[2024-12-19 11:54][INFO] Connection to DB established
[2024-12-19 11:54][INFO] Data_frame created
[2024-12-19 13:40][INFO] Logging started.
[2024-12-19 13:40][INFO] Connection to DB established
[2024-12-19 13:40][INFO] Connection to DB established
[2024-12-19 13:40][INFO] Data_frame created
[2024-12-19 13:47][INFO] Logging started.
[2024-12-19 13:47][INFO] Logging started.
[2024-12-19 13:50][INFO] Logging started.
[2024-12-19 13:50][INFO] Connection to DB1 established
[2024-12-19 13:50][INFO] Connection to DB2 established
[2024-12-19 13:50][INFO] Data_frame created
[2024-12-19 13:50][INFO] Logging started.
[2024-12-19 13:50][INFO] Connection to DB1 established
[2024-12-19 13:50][INFO] Connection to DB2 established
[2024-12-19 13:50][INFO] Data_frame created
[2024-12-19 13:53][INFO] Logging started.
[2024-12-19 13:53][INFO] Connection to DB1 established
[2024-12-19 13:53][INFO] Connection to DB2 established
[2024-12-19 13:53][INFO] Data_frame created
[2024-12-19 13:54][INFO] Logging started.
[2024-12-19 13:54][INFO] Connection to DB1 established
[2024-12-19 13:54][INFO] Connection to DB2 established
[2024-12-19 13:54][INFO] Data_frame created
[2024-12-19 13:56][INFO] Logging started.
[2024-12-19 13:57][INFO] Logging started.
[2024-12-19 13:57][INFO] Connection to DB1 established
[2024-12-19 13:57][INFO] Connection to DB2 established
[2024-12-19 13:57][INFO] Data_frame created
[2024-12-19 13:57][INFO] Logging started.
[2024-12-19 14:10][INFO] Logging started.
[2024-12-19 14:10][INFO] Connection to DB1 established
[2024-12-19 14:10][INFO] Connection to DB2 established
[2024-12-19 14:10][INFO] Data_frame created
[2024-12-19 14:10][INFO] Done.
[2024-12-19 14:30][INFO] Logging started.
[2024-12-19 14:30][INFO] Connection to DB1 established
[2024-12-19 14:30][INFO] Connection to DB2 established
[2024-12-19 14:30][INFO] Data_frame created
[2024-12-19 14:30][INFO] Done.
[2024-12-19 14:30][INFO] Logging started.
[2024-12-19 14:32][INFO] Logging started.
[2024-12-19 14:35][INFO] Logging started.
[2024-12-19 15:08][INFO] Logging started.
[2024-12-19 15:08][INFO] Connection to DB1 established
[2024-12-19 15:08][INFO] Connection to DB2 established
[2024-12-19 15:08][INFO] Data_frame created
[2024-12-19 15:08][INFO] Done.
[2024-12-19 15:08][INFO] Logging started.
[2024-12-19 15:10][INFO] Logging started.
[2024-12-19 15:10][INFO] Connection to DB1 established
[2024-12-19 15:10][INFO] Connection to DB2 established
[2024-12-19 15:10][INFO] Data_frame created
[2024-12-19 15:10][INFO] Done.
